<?xml version="1.0" encoding="UTF-8"?>
<testsuite name="com.veterinaria.veterinaria.controller.VeterinariaControllerTest" tests="1" skipped="0" failures="0" errors="0" timestamp="2023-05-26T22:19:18" hostname="DESKTOP-AHBOHAU" time="0.142">
  <properties/>
  <testcase name="shouldReturnBusiness()" classname="com.veterinaria.veterinaria.controller.VeterinariaControllerTest" time="0.142"/>
  <system-out><![CDATA[]]></system-out>
  <system-err><![CDATA[]]></system-err>
</testsuite>
